<?xml version="1.0" encoding="UTF-8"?>
<!-- Generated by org.testng.reporters.JUnitReportReporter -->
<testsuite hostname="Lenovo" failures="0" tests="2" name="Tests.HomePageTest" time="0.288" errors="0" timestamp="2024-08-13T16:09:13 IST" skipped="0">
  <testcase classname="Tests.HomePageTest" name="verifyContact" time="0.180"/>
  <system-out/>
  <testcase classname="Tests.HomePageTest" name="verifyHeader" time="0.108"/>
  <system-out/>
</testsuite> <!-- Tests.HomePageTest -->
